<?xml version="1.0" encoding="UTF-8"?>
<testsuite name="Academy Choucair" tests="1" skipped="0" failures="0" errors="0" timestamp="2022-10-11T08:08:33" hostname="LAPTOP-TTOSIDUJ" time="21.143">
  <properties/>
  <testcase name="Register user" classname="Academy Choucair" time="21.143"/>
  <system-out><![CDATA[]]></system-out>
  <system-err><![CDATA[[Test worker] WARN net.thucydides.core.steps.BaseStepListener - stepStarted: net.thucydides.core.steps.ExecutedStepDescription@7c22d4f
[Test worker] WARN net.thucydides.core.steps.BaseStepListener - stepStarted: net.thucydides.core.steps.ExecutedStepDescription@236134a1
[Test worker] WARN net.thucydides.core.steps.BaseStepListener - stepStarted: net.thucydides.core.steps.ExecutedStepDescription@61f80d55
oct 11, 2022 3:08:33 AM org.openqa.selenium.remote.DesiredCapabilities chrome
INFORMACIÓN: Using `new ChromeOptions()` is preferred to `DesiredCapabilities.chrome()`
[Test worker] INFO net.serenitybdd.core.webdriver.driverproviders.ProvideNewDriver - Instantiating driver
[Test worker] INFO net.serenitybdd.core.webdriver.driverproviders.ProvideNewDriver - Driver capabilities: Capabilities {acceptInsecureCerts: false, browserName: chrome, chrome.switches: --start-maximized, goog:chromeOptions: {args: [--start-maximized], extensions: []}, loggingPrefs: org.openqa.selenium.logging..., platform: ANY, version: }
Starting ChromeDriver 106.0.5249.61 (511755355844955cd3e264779baf0dd38212a4d0-refs/branch-heads/5249@{#569}) on port 10760
Only local connections are allowed.
Please see https://chromedriver.chromium.org/security-considerations for suggestions on keeping ChromeDriver safe.
ChromeDriver was started successfully.
oct 11, 2022 3:08:36 AM org.openqa.selenium.remote.ProtocolHandshake createSession
INFORMACIÓN: Detected dialect: W3C
[Test worker] WARN net.thucydides.core.steps.BaseStepListener - stepFinished: current outcome:Register user:Given julian wants to register on the utest page to have a user [Julian open up [Julian opens the Choucair academy page]]
[Test worker] WARN net.thucydides.core.steps.BaseStepListener - stepStarted: net.thucydides.core.steps.ExecutedStepDescription@16736040
[Test worker] WARN net.thucydides.core.steps.BaseStepListener - stepFinished: current outcome:Register user:Given julian wants to register on the utest page to have a user [Julian open up [Julian opens the Choucair academy page, Julian clicks on button that shows us the form to login]]
[Test worker] WARN net.thucydides.core.steps.BaseStepListener - stepStarted: net.thucydides.core.steps.ExecutedStepDescription@659f226a
[Test worker] WARN net.thucydides.core.steps.BaseStepListener - stepFinished: current outcome:Register user:Given julian wants to register on the utest page to have a user [Julian open up [Julian opens the Choucair academy page, Julian clicks on button that shows us the form to login, Julian enters 'Julian' into text box to key the username]]
[Test worker] WARN net.thucydides.core.steps.BaseStepListener - stepStarted: net.thucydides.core.steps.ExecutedStepDescription@7645f03e
[Test worker] WARN net.thucydides.core.steps.BaseStepListener - stepFinished: current outcome:Register user:Given julian wants to register on the utest page to have a user [Julian open up [Julian opens the Choucair academy page, Julian clicks on button that shows us the form to login, Julian enters 'Julian' into text box to key the username, Julian enters 'Ortiz' into text box to key the lastname]]
[Test worker] WARN net.thucydides.core.steps.BaseStepListener - stepStarted: net.thucydides.core.steps.ExecutedStepDescription@73613ae5
[Test worker] WARN net.thucydides.core.steps.BaseStepListener - stepFinished: current outcome:Register user:Given julian wants to register on the utest page to have a user [Julian open up [Julian opens the Choucair academy page, Julian clicks on button that shows us the form to login, Julian enters 'Julian' into text box to key the username, Julian enters 'Ortiz' into text box to key the lastname, Julian enters 'ortizguerreroj@gmail.com' into text box to key the email]]
[Test worker] WARN net.thucydides.core.steps.BaseStepListener - stepStarted: net.thucydides.core.steps.ExecutedStepDescription@30db5536
[Test worker] WARN net.thucydides.core.steps.BaseStepListener - stepFinished: current outcome:Register user:Given julian wants to register on the utest page to have a user [Julian open up [Julian opens the Choucair academy page, Julian clicks on button that shows us the form to login, Julian enters 'Julian' into text box to key the username, Julian enters 'Ortiz' into text box to key the lastname, Julian enters 'ortizguerreroj@gmail.com' into text box to key the email, Julian select October on text box to key the month]]
[Test worker] WARN net.thucydides.core.steps.BaseStepListener - stepStarted: net.thucydides.core.steps.ExecutedStepDescription@4cc7d00d
[Test worker] WARN net.thucydides.core.steps.BaseStepListener - stepFinished: current outcome:Register user:Given julian wants to register on the utest page to have a user [Julian open up [Julian opens the Choucair academy page, Julian clicks on button that shows us the form to login, Julian enters 'Julian' into text box to key the username, Julian enters 'Ortiz' into text box to key the lastname, Julian enters 'ortizguerreroj@gmail.com' into text box to key the email, Julian select October on text box to key the month, Julian select 22 on text box to key the day]]
[Test worker] WARN net.thucydides.core.steps.BaseStepListener - stepStarted: net.thucydides.core.steps.ExecutedStepDescription@7e15f4d4
[Test worker] WARN net.thucydides.core.steps.BaseStepListener - stepFinished: current outcome:Register user:Given julian wants to register on the utest page to have a user [Julian open up [Julian opens the Choucair academy page, Julian clicks on button that shows us the form to login, Julian enters 'Julian' into text box to key the username, Julian enters 'Ortiz' into text box to key the lastname, Julian enters 'ortizguerreroj@gmail.com' into text box to key the email, Julian select October on text box to key the month, Julian select 22 on text box to key the day, Julian select 1998 on text box to key the year]]
[Test worker] WARN net.thucydides.core.steps.BaseStepListener - stepStarted: net.thucydides.core.steps.ExecutedStepDescription@4b862408
[Test worker] WARN net.thucydides.core.steps.BaseStepListener - stepFinished: current outcome:Register user:Given julian wants to register on the utest page to have a user [Julian open up [Julian opens the Choucair academy page, Julian clicks on button that shows us the form to login, Julian enters 'Julian' into text box to key the username, Julian enters 'Ortiz' into text box to key the lastname, Julian enters 'ortizguerreroj@gmail.com' into text box to key the email, Julian select October on text box to key the month, Julian select 22 on text box to key the day, Julian select 1998 on text box to key the year, Julian clicks on button that gives to next location]]
[Test worker] WARN net.thucydides.core.steps.BaseStepListener - stepStarted: net.thucydides.core.steps.ExecutedStepDescription@1903b5d
[Test worker] WARN net.thucydides.core.steps.BaseStepListener - stepFinished: current outcome:Register user:Given julian wants to register on the utest page to have a user [Julian open up [Julian opens the Choucair academy page, Julian clicks on button that shows us the form to login, Julian enters 'Julian' into text box to key the username, Julian enters 'Ortiz' into text box to key the lastname, Julian enters 'ortizguerreroj@gmail.com' into text box to key the email, Julian select October on text box to key the month, Julian select 22 on text box to key the day, Julian select 1998 on text box to key the year, Julian clicks on button that gives to next location, Julian clicks on button that gives to next devices]]
[Test worker] WARN net.thucydides.core.steps.BaseStepListener - stepStarted: net.thucydides.core.steps.ExecutedStepDescription@4cb957b8
[Test worker] WARN net.thucydides.core.steps.BaseStepListener - stepFinished: current outcome:Register user:Given julian wants to register on the utest page to have a user [Julian open up [Julian opens the Choucair academy page, Julian clicks on button that shows us the form to login, Julian enters 'Julian' into text box to key the username, Julian enters 'Ortiz' into text box to key the lastname, Julian enters 'ortizguerreroj@gmail.com' into text box to key the email, Julian select October on text box to key the month, Julian select 22 on text box to key the day, Julian select 1998 on text box to key the year, Julian clicks on button that gives to next location, Julian clicks on button that gives to next devices, Julian clicks on button that gives to next devices]]
[Test worker] WARN net.thucydides.core.steps.BaseStepListener - stepStarted: net.thucydides.core.steps.ExecutedStepDescription@79980d8d
[Test worker] WARN net.thucydides.core.steps.BaseStepListener - stepFinished: current outcome:Register user:Given julian wants to register on the utest page to have a user [Julian open up [Julian opens the Choucair academy page, Julian clicks on button that shows us the form to login, Julian enters 'Julian' into text box to key the username, Julian enters 'Ortiz' into text box to key the lastname, Julian enters 'ortizguerreroj@gmail.com' into text box to key the email, Julian select October on text box to key the month, Julian select 22 on text box to key the day, Julian select 1998 on text box to key the year, Julian clicks on button that gives to next location, Julian clicks on button that gives to next devices, Julian clicks on button that gives to next devices, Julian enters 'Pruebass22*' into text box to key the password]]
[Test worker] WARN net.thucydides.core.steps.BaseStepListener - stepStarted: net.thucydides.core.steps.ExecutedStepDescription@49433c98
[Test worker] WARN net.thucydides.core.steps.BaseStepListener - stepFinished: current outcome:Register user:Given julian wants to register on the utest page to have a user [Julian open up [Julian opens the Choucair academy page, Julian clicks on button that shows us the form to login, Julian enters 'Julian' into text box to key the username, Julian enters 'Ortiz' into text box to key the lastname, Julian enters 'ortizguerreroj@gmail.com' into text box to key the email, Julian select October on text box to key the month, Julian select 22 on text box to key the day, Julian select 1998 on text box to key the year, Julian clicks on button that gives to next location, Julian clicks on button that gives to next devices, Julian clicks on button that gives to next devices, Julian enters 'Pruebass22*' into text box to key the password, Julian enters 'Pruebass22*' into text box to key the confirm password]]
[Test worker] WARN net.thucydides.core.steps.BaseStepListener - stepStarted: net.thucydides.core.steps.ExecutedStepDescription@1f992a3a
[Test worker] WARN net.thucydides.core.steps.BaseStepListener - stepFinished: current outcome:Register user:Given julian wants to register on the utest page to have a user [Julian open up [Julian opens the Choucair academy page, Julian clicks on button that shows us the form to login, Julian enters 'Julian' into text box to key the username, Julian enters 'Ortiz' into text box to key the lastname, Julian enters 'ortizguerreroj@gmail.com' into text box to key the email, Julian select October on text box to key the month, Julian select 22 on text box to key the day, Julian select 1998 on text box to key the year, Julian clicks on button that gives to next location, Julian clicks on button that gives to next devices, Julian clicks on button that gives to next devices, Julian enters 'Pruebass22*' into text box to key the password, Julian enters 'Pruebass22*' into text box to key the confirm password, Julian clicks on terms and conditions check box]]
[Test worker] WARN net.thucydides.core.steps.BaseStepListener - stepStarted: net.thucydides.core.steps.ExecutedStepDescription@122635ef
[Test worker] WARN net.thucydides.core.steps.BaseStepListener - stepFinished: current outcome:Register user:Given julian wants to register on the utest page to have a user [Julian open up [Julian opens the Choucair academy page, Julian clicks on button that shows us the form to login, Julian enters 'Julian' into text box to key the username, Julian enters 'Ortiz' into text box to key the lastname, Julian enters 'ortizguerreroj@gmail.com' into text box to key the email, Julian select October on text box to key the month, Julian select 22 on text box to key the day, Julian select 1998 on text box to key the year, Julian clicks on button that gives to next location, Julian clicks on button that gives to next devices, Julian clicks on button that gives to next devices, Julian enters 'Pruebass22*' into text box to key the password, Julian enters 'Pruebass22*' into text box to key the confirm password, Julian clicks on terms and conditions check box, Julian clicks on privacy & security policy check box]]
[Test worker] WARN net.thucydides.core.steps.BaseStepListener - stepStarted: net.thucydides.core.steps.ExecutedStepDescription@64763e49
[Test worker] WARN net.thucydides.core.steps.BaseStepListener - stepFinished: current outcome:Register user:Given julian wants to register on the utest page to have a user [Julian open up [Julian opens the Choucair academy page, Julian clicks on button that shows us the form to login, Julian enters 'Julian' into text box to key the username, Julian enters 'Ortiz' into text box to key the lastname, Julian enters 'ortizguerreroj@gmail.com' into text box to key the email, Julian select October on text box to key the month, Julian select 22 on text box to key the day, Julian select 1998 on text box to key the year, Julian clicks on button that gives to next location, Julian clicks on button that gives to next devices, Julian clicks on button that gives to next devices, Julian enters 'Pruebass22*' into text box to key the password, Julian enters 'Pruebass22*' into text box to key the confirm password, Julian clicks on terms and conditions check box, Julian clicks on privacy & security policy check box, Julian clicks on button that gives to complete setup]]
[Test worker] WARN net.thucydides.core.steps.BaseStepListener - stepFinished: current outcome:Register user:Given julian wants to register on the utest page to have a user [Julian open up [Julian opens the Choucair academy page, Julian clicks on button that shows us the form to login, Julian enters 'Julian' into text box to key the username, Julian enters 'Ortiz' into text box to key the lastname, Julian enters 'ortizguerreroj@gmail.com' into text box to key the email, Julian select October on text box to key the month, Julian select 22 on text box to key the day, Julian select 1998 on text box to key the year, Julian clicks on button that gives to next location, Julian clicks on button that gives to next devices, Julian clicks on button that gives to next devices, Julian enters 'Pruebass22*' into text box to key the password, Julian enters 'Pruebass22*' into text box to key the confirm password, Julian clicks on terms and conditions check box, Julian clicks on privacy & security policy check box, Julian clicks on button that gives to complete setup]]
[Test worker] WARN net.thucydides.core.steps.BaseStepListener - stepStarted: net.thucydides.core.steps.ExecutedStepDescription@35adf623
[Test worker] WARN net.thucydides.core.steps.BaseStepListener - stepFinished: current outcome:Register user:Given julian wants to register on the utest page to have a user [Julian open up [Julian opens the Choucair academy page, Julian clicks on button that shows us the form to login, Julian enters 'Julian' into text box to key the username, Julian enters 'Ortiz' into text box to key the lastname, Julian enters 'ortizguerreroj@gmail.com' into text box to key the email, Julian select October on text box to key the month, Julian select 22 on text box to key the day, Julian select 1998 on text box to key the year, Julian clicks on button that gives to next location, Julian clicks on button that gives to next devices, Julian clicks on button that gives to next devices, Julian enters 'Pruebass22*' into text box to key the password, Julian enters 'Pruebass22*' into text box to key the confirm password, Julian clicks on terms and conditions check box, Julian clicks on privacy & security policy check box, Julian clicks on button that gives to complete setup], Julian login]
[Test worker] WARN net.thucydides.core.steps.BaseStepListener - stepFinished: current outcome:Register user:Given julian wants to register on the utest page to have a user [Julian open up [Julian opens the Choucair academy page, Julian clicks on button that shows us the form to login, Julian enters 'Julian' into text box to key the username, Julian enters 'Ortiz' into text box to key the lastname, Julian enters 'ortizguerreroj@gmail.com' into text box to key the email, Julian select October on text box to key the month, Julian select 22 on text box to key the day, Julian select 1998 on text box to key the year, Julian clicks on button that gives to next location, Julian clicks on button that gives to next devices, Julian clicks on button that gives to next devices, Julian enters 'Pruebass22*' into text box to key the password, Julian enters 'Pruebass22*' into text box to key the confirm password, Julian clicks on terms and conditions check box, Julian clicks on privacy & security policy check box, Julian clicks on button that gives to complete setup], Julian login]
[Test worker] WARN net.thucydides.core.steps.BaseStepListener - testFinished: Register user:Given julian wants to register on the utest page to have a user [Julian open up [Julian opens the Choucair academy page, Julian clicks on button that shows us the form to login, Julian enters 'Julian' into text box to key the username, Julian enters 'Ortiz' into text box to key the lastname, Julian enters 'ortizguerreroj@gmail.com' into text box to key the email, Julian select October on text box to key the month, Julian select 22 on text box to key the day, Julian select 1998 on text box to key the year, Julian clicks on button that gives to next location, Julian clicks on button that gives to next devices, Julian clicks on button that gives to next devices, Julian enters 'Pruebass22*' into text box to key the password, Julian enters 'Pruebass22*' into text box to key the confirm password, Julian clicks on terms and conditions check box, Julian clicks on privacy & security policy check box, Julian clicks on button that gives to complete setup], Julian login]
[Test worker] WARN net.thucydides.core.steps.BaseStepListener - TestOutcomes: [Register user:Given julian wants to register on the utest page to have a user [Julian open up [Julian opens the Choucair academy page, Julian clicks on button that shows us the form to login, Julian enters 'Julian' into text box to key the username, Julian enters 'Ortiz' into text box to key the lastname, Julian enters 'ortizguerreroj@gmail.com' into text box to key the email, Julian select October on text box to key the month, Julian select 22 on text box to key the day, Julian select 1998 on text box to key the year, Julian clicks on button that gives to next location, Julian clicks on button that gives to next devices, Julian clicks on button that gives to next devices, Julian enters 'Pruebass22*' into text box to key the password, Julian enters 'Pruebass22*' into text box to key the confirm password, Julian clicks on terms and conditions check box, Julian clicks on privacy & security policy check box, Julian clicks on button that gives to complete setup], Julian login]]
[Test worker] WARN net.thucydides.core.steps.BaseStepListener - Final testOutcomes: [Register user:Given julian wants to register on the utest page to have a user [Julian open up [Julian opens the Choucair academy page, Julian clicks on button that shows us the form to login, Julian enters 'Julian' into text box to key the username, Julian enters 'Ortiz' into text box to key the lastname, Julian enters 'ortizguerreroj@gmail.com' into text box to key the email, Julian select October on text box to key the month, Julian select 22 on text box to key the day, Julian select 1998 on text box to key the year, Julian clicks on button that gives to next location, Julian clicks on button that gives to next devices, Julian clicks on button that gives to next devices, Julian enters 'Pruebass22*' into text box to key the password, Julian enters 'Pruebass22*' into text box to key the confirm password, Julian clicks on terms and conditions check box, Julian clicks on privacy & security policy check box, Julian clicks on button that gives to complete setup], Julian login]]
[Test worker] INFO net.thucydides.core.steps.ConsoleLoggingListener - 
        __    _____ _____ ____ _____   ____   _    ____  ____  _____ ____  
  _     \ \  |_   _| ____/ ___|_   _| |  _ \ / \  / ___|/ ___|| ____|  _ \ 
 (_)_____| |   | | |  _| \___ \ | |   | |_) / _ \ \___ \\___ \|  _| | | | |
  _|_____| |   | | | |___ ___) || |   |  __/ ___ \ ___) |___) | |___| |_| |
 (_)     | |   |_| |_____|____/ |_|   |_| /_/   \_\____/|____/|_____|____/ 
        /_/                                                                

TEST PASSED: Register user
----------------------------------------------------------------------------
]]></system-err>
</testsuite>
