<?xml version="1.0" encoding="UTF-8"?>
<testsuite name="Academy Choucair" tests="1" skipped="0" failures="0" errors="0" timestamp="2022-10-24T13:59:54" hostname="LAPTOP-TTOSIDUJ" time="32.868">
  <properties/>
  <testcase name="Register user" classname="Academy Choucair" time="32.868"/>
  <system-out><![CDATA[]]></system-out>
  <system-err><![CDATA[[Test worker] WARN net.thucydides.core.steps.BaseStepListener - stepStarted: net.thucydides.core.steps.ExecutedStepDescription@7c22d4f
[Test worker] WARN net.thucydides.core.steps.BaseStepListener - stepStarted: net.thucydides.core.steps.ExecutedStepDescription@236134a1
[Test worker] WARN net.thucydides.core.steps.BaseStepListener - stepStarted: net.thucydides.core.steps.ExecutedStepDescription@61f80d55
oct 24, 2022 8:59:55 AM org.openqa.selenium.remote.DesiredCapabilities chrome
INFORMACIÓN: Using `new ChromeOptions()` is preferred to `DesiredCapabilities.chrome()`
[Test worker] INFO net.serenitybdd.core.webdriver.driverproviders.ProvideNewDriver - Instantiating driver
[Test worker] INFO net.serenitybdd.core.webdriver.driverproviders.ProvideNewDriver - Driver capabilities: Capabilities {acceptInsecureCerts: false, browserName: chrome, chrome.switches: --start-maximized, goog:chromeOptions: {args: [--start-maximized], extensions: []}, loggingPrefs: org.openqa.selenium.logging..., platform: ANY, version: }
Starting ChromeDriver 106.0.5249.61 (511755355844955cd3e264779baf0dd38212a4d0-refs/branch-heads/5249@{#569}) on port 13679
Only local connections are allowed.
Please see https://chromedriver.chromium.org/security-considerations for suggestions on keeping ChromeDriver safe.
ChromeDriver was started successfully.
oct 24, 2022 9:00:00 AM org.openqa.selenium.remote.ProtocolHandshake createSession
INFORMACIÓN: Detected dialect: W3C
[Test worker] WARN net.thucydides.core.steps.BaseStepListener - stepFinished: current outcome:Register user:Given julian wants to register on the utest page to have a user [Julian open up [Julian opens the Choucair academy page]]
[Test worker] WARN net.thucydides.core.steps.BaseStepListener - stepStarted: net.thucydides.core.steps.ExecutedStepDescription@60e3c26e
[Test worker] WARN net.thucydides.core.steps.BaseStepListener - stepFinished: current outcome:Register user:Given julian wants to register on the utest page to have a user [Julian open up [Julian opens the Choucair academy page, Julian clicks on button that shows us the form to login]]
[Test worker] WARN net.thucydides.core.steps.BaseStepListener - stepStarted: net.thucydides.core.steps.ExecutedStepDescription@7bcecef6
[Test worker] WARN net.thucydides.core.steps.BaseStepListener - stepFinished: current outcome:Register user:Given julian wants to register on the utest page to have a user [Julian open up [Julian opens the Choucair academy page, Julian clicks on button that shows us the form to login, Julian enters 'Julian' into text box to key the username]]
[Test worker] WARN net.thucydides.core.steps.BaseStepListener - stepStarted: net.thucydides.core.steps.ExecutedStepDescription@66223d94
[Test worker] WARN net.thucydides.core.steps.BaseStepListener - stepFinished: current outcome:Register user:Given julian wants to register on the utest page to have a user [Julian open up [Julian opens the Choucair academy page, Julian clicks on button that shows us the form to login, Julian enters 'Julian' into text box to key the username, Julian enters 'Ortiz' into text box to key the lastname]]
[Test worker] WARN net.thucydides.core.steps.BaseStepListener - stepStarted: net.thucydides.core.steps.ExecutedStepDescription@6fcd31c3
[Test worker] WARN net.thucydides.core.steps.BaseStepListener - stepFinished: current outcome:Register user:Given julian wants to register on the utest page to have a user [Julian open up [Julian opens the Choucair academy page, Julian clicks on button that shows us the form to login, Julian enters 'Julian' into text box to key the username, Julian enters 'Ortiz' into text box to key the lastname, Julian enters 'davidguer53@gmail.com' into text box to key the email]]
[Test worker] WARN net.thucydides.core.steps.BaseStepListener - stepStarted: net.thucydides.core.steps.ExecutedStepDescription@e829999
[Test worker] WARN net.thucydides.core.steps.BaseStepListener - stepFinished: current outcome:Register user:Given julian wants to register on the utest page to have a user [Julian open up [Julian opens the Choucair academy page, Julian clicks on button that shows us the form to login, Julian enters 'Julian' into text box to key the username, Julian enters 'Ortiz' into text box to key the lastname, Julian enters 'davidguer53@gmail.com' into text box to key the email, Julian select June on text box to key the month]]
[Test worker] WARN net.thucydides.core.steps.BaseStepListener - stepStarted: net.thucydides.core.steps.ExecutedStepDescription@1084ac45
[Test worker] WARN net.thucydides.core.steps.BaseStepListener - stepFinished: current outcome:Register user:Given julian wants to register on the utest page to have a user [Julian open up [Julian opens the Choucair academy page, Julian clicks on button that shows us the form to login, Julian enters 'Julian' into text box to key the username, Julian enters 'Ortiz' into text box to key the lastname, Julian enters 'davidguer53@gmail.com' into text box to key the email, Julian select June on text box to key the month, Julian select 20 on text box to key the day]]
[Test worker] WARN net.thucydides.core.steps.BaseStepListener - stepStarted: net.thucydides.core.steps.ExecutedStepDescription@423a0e1d
[Test worker] WARN net.thucydides.core.steps.BaseStepListener - stepFinished: current outcome:Register user:Given julian wants to register on the utest page to have a user [Julian open up [Julian opens the Choucair academy page, Julian clicks on button that shows us the form to login, Julian enters 'Julian' into text box to key the username, Julian enters 'Ortiz' into text box to key the lastname, Julian enters 'davidguer53@gmail.com' into text box to key the email, Julian select June on text box to key the month, Julian select 20 on text box to key the day, Julian select 1993 on text box to key the year]]
[Test worker] WARN net.thucydides.core.steps.BaseStepListener - stepStarted: net.thucydides.core.steps.ExecutedStepDescription@40709f9
[Test worker] WARN net.thucydides.core.steps.BaseStepListener - stepFinished: current outcome:Register user:Given julian wants to register on the utest page to have a user [Julian open up [Julian opens the Choucair academy page, Julian clicks on button that shows us the form to login, Julian enters 'Julian' into text box to key the username, Julian enters 'Ortiz' into text box to key the lastname, Julian enters 'davidguer53@gmail.com' into text box to key the email, Julian select June on text box to key the month, Julian select 20 on text box to key the day, Julian select 1993 on text box to key the year, Julian clicks on button that gives to next location]]
[Test worker] WARN net.thucydides.core.steps.BaseStepListener - stepStarted: net.thucydides.core.steps.ExecutedStepDescription@4dcbae55
[Test worker] WARN net.thucydides.core.steps.BaseStepListener - stepFinished: current outcome:Register user:Given julian wants to register on the utest page to have a user [Julian open up [Julian opens the Choucair academy page, Julian clicks on button that shows us the form to login, Julian enters 'Julian' into text box to key the username, Julian enters 'Ortiz' into text box to key the lastname, Julian enters 'davidguer53@gmail.com' into text box to key the email, Julian select June on text box to key the month, Julian select 20 on text box to key the day, Julian select 1993 on text box to key the year, Julian clicks on button that gives to next location, Julian clicks on button that gives to next devices]]
[Test worker] WARN net.thucydides.core.steps.BaseStepListener - stepStarted: net.thucydides.core.steps.ExecutedStepDescription@15fb4566
[Test worker] WARN net.thucydides.core.steps.BaseStepListener - stepFinished: current outcome:Register user:Given julian wants to register on the utest page to have a user [Julian open up [Julian opens the Choucair academy page, Julian clicks on button that shows us the form to login, Julian enters 'Julian' into text box to key the username, Julian enters 'Ortiz' into text box to key the lastname, Julian enters 'davidguer53@gmail.com' into text box to key the email, Julian select June on text box to key the month, Julian select 20 on text box to key the day, Julian select 1993 on text box to key the year, Julian clicks on button that gives to next location, Julian clicks on button that gives to next devices, Julian clicks on button that gives to next devices]]
[Test worker] WARN net.thucydides.core.steps.BaseStepListener - stepStarted: net.thucydides.core.steps.ExecutedStepDescription@45117dd
[Test worker] WARN net.thucydides.core.steps.BaseStepListener - stepFinished: current outcome:Register user:Given julian wants to register on the utest page to have a user [Julian open up [Julian opens the Choucair academy page, Julian clicks on button that shows us the form to login, Julian enters 'Julian' into text box to key the username, Julian enters 'Ortiz' into text box to key the lastname, Julian enters 'davidguer53@gmail.com' into text box to key the email, Julian select June on text box to key the month, Julian select 20 on text box to key the day, Julian select 1993 on text box to key the year, Julian clicks on button that gives to next location, Julian clicks on button that gives to next devices, Julian clicks on button that gives to next devices, Julian enters 'Pruebachoucair' into text box to key the password]]
[Test worker] WARN net.thucydides.core.steps.BaseStepListener - stepStarted: net.thucydides.core.steps.ExecutedStepDescription@4538856f
[Test worker] WARN net.thucydides.core.steps.BaseStepListener - stepFinished: current outcome:Register user:Given julian wants to register on the utest page to have a user [Julian open up [Julian opens the Choucair academy page, Julian clicks on button that shows us the form to login, Julian enters 'Julian' into text box to key the username, Julian enters 'Ortiz' into text box to key the lastname, Julian enters 'davidguer53@gmail.com' into text box to key the email, Julian select June on text box to key the month, Julian select 20 on text box to key the day, Julian select 1993 on text box to key the year, Julian clicks on button that gives to next location, Julian clicks on button that gives to next devices, Julian clicks on button that gives to next devices, Julian enters 'Pruebachoucair' into text box to key the password, Julian enters 'Pruebachoucair' into text box to key the confirm password]]
[Test worker] WARN net.thucydides.core.steps.BaseStepListener - stepStarted: net.thucydides.core.steps.ExecutedStepDescription@4998e74b
[Test worker] WARN net.thucydides.core.steps.BaseStepListener - stepFinished: current outcome:Register user:Given julian wants to register on the utest page to have a user [Julian open up [Julian opens the Choucair academy page, Julian clicks on button that shows us the form to login, Julian enters 'Julian' into text box to key the username, Julian enters 'Ortiz' into text box to key the lastname, Julian enters 'davidguer53@gmail.com' into text box to key the email, Julian select June on text box to key the month, Julian select 20 on text box to key the day, Julian select 1993 on text box to key the year, Julian clicks on button that gives to next location, Julian clicks on button that gives to next devices, Julian clicks on button that gives to next devices, Julian enters 'Pruebachoucair' into text box to key the password, Julian enters 'Pruebachoucair' into text box to key the confirm password, Julian clicks on terms and conditions check box]]
[Test worker] WARN net.thucydides.core.steps.BaseStepListener - stepStarted: net.thucydides.core.steps.ExecutedStepDescription@38d80d65
[Test worker] WARN net.thucydides.core.steps.BaseStepListener - stepFinished: current outcome:Register user:Given julian wants to register on the utest page to have a user [Julian open up [Julian opens the Choucair academy page, Julian clicks on button that shows us the form to login, Julian enters 'Julian' into text box to key the username, Julian enters 'Ortiz' into text box to key the lastname, Julian enters 'davidguer53@gmail.com' into text box to key the email, Julian select June on text box to key the month, Julian select 20 on text box to key the day, Julian select 1993 on text box to key the year, Julian clicks on button that gives to next location, Julian clicks on button that gives to next devices, Julian clicks on button that gives to next devices, Julian enters 'Pruebachoucair' into text box to key the password, Julian enters 'Pruebachoucair' into text box to key the confirm password, Julian clicks on terms and conditions check box, Julian clicks on privacy & security policy check box]]
[Test worker] WARN net.thucydides.core.steps.BaseStepListener - stepStarted: net.thucydides.core.steps.ExecutedStepDescription@125d47c4
[Test worker] WARN net.thucydides.core.steps.BaseStepListener - stepFinished: current outcome:Register user:Given julian wants to register on the utest page to have a user [Julian open up [Julian opens the Choucair academy page, Julian clicks on button that shows us the form to login, Julian enters 'Julian' into text box to key the username, Julian enters 'Ortiz' into text box to key the lastname, Julian enters 'davidguer53@gmail.com' into text box to key the email, Julian select June on text box to key the month, Julian select 20 on text box to key the day, Julian select 1993 on text box to key the year, Julian clicks on button that gives to next location, Julian clicks on button that gives to next devices, Julian clicks on button that gives to next devices, Julian enters 'Pruebachoucair' into text box to key the password, Julian enters 'Pruebachoucair' into text box to key the confirm password, Julian clicks on terms and conditions check box, Julian clicks on privacy & security policy check box, Julian clicks on button that gives to complete setup]]
[Test worker] WARN net.thucydides.core.steps.BaseStepListener - stepFinished: current outcome:Register user:Given julian wants to register on the utest page to have a user [Julian open up [Julian opens the Choucair academy page, Julian clicks on button that shows us the form to login, Julian enters 'Julian' into text box to key the username, Julian enters 'Ortiz' into text box to key the lastname, Julian enters 'davidguer53@gmail.com' into text box to key the email, Julian select June on text box to key the month, Julian select 20 on text box to key the day, Julian select 1993 on text box to key the year, Julian clicks on button that gives to next location, Julian clicks on button that gives to next devices, Julian clicks on button that gives to next devices, Julian enters 'Pruebachoucair' into text box to key the password, Julian enters 'Pruebachoucair' into text box to key the confirm password, Julian clicks on terms and conditions check box, Julian clicks on privacy & security policy check box, Julian clicks on button that gives to complete setup]]
[Test worker] WARN net.thucydides.core.steps.BaseStepListener - stepStarted: net.thucydides.core.steps.ExecutedStepDescription@37a0ec3c
[Test worker] WARN net.thucydides.core.steps.BaseStepListener - stepFinished: current outcome:Register user:Given julian wants to register on the utest page to have a user [Julian open up [Julian opens the Choucair academy page, Julian clicks on button that shows us the form to login, Julian enters 'Julian' into text box to key the username, Julian enters 'Ortiz' into text box to key the lastname, Julian enters 'davidguer53@gmail.com' into text box to key the email, Julian select June on text box to key the month, Julian select 20 on text box to key the day, Julian select 1993 on text box to key the year, Julian clicks on button that gives to next location, Julian clicks on button that gives to next devices, Julian clicks on button that gives to next devices, Julian enters 'Pruebachoucair' into text box to key the password, Julian enters 'Pruebachoucair' into text box to key the confirm password, Julian clicks on terms and conditions check box, Julian clicks on privacy & security policy check box, Julian clicks on button that gives to complete setup], Julian login]
[Test worker] WARN net.thucydides.core.steps.BaseStepListener - stepFinished: current outcome:Register user:Given julian wants to register on the utest page to have a user [Julian open up [Julian opens the Choucair academy page, Julian clicks on button that shows us the form to login, Julian enters 'Julian' into text box to key the username, Julian enters 'Ortiz' into text box to key the lastname, Julian enters 'davidguer53@gmail.com' into text box to key the email, Julian select June on text box to key the month, Julian select 20 on text box to key the day, Julian select 1993 on text box to key the year, Julian clicks on button that gives to next location, Julian clicks on button that gives to next devices, Julian clicks on button that gives to next devices, Julian enters 'Pruebachoucair' into text box to key the password, Julian enters 'Pruebachoucair' into text box to key the confirm password, Julian clicks on terms and conditions check box, Julian clicks on privacy & security policy check box, Julian clicks on button that gives to complete setup], Julian login]
[Test worker] WARN net.thucydides.core.steps.BaseStepListener - testFinished: Register user:Given julian wants to register on the utest page to have a user [Julian open up [Julian opens the Choucair academy page, Julian clicks on button that shows us the form to login, Julian enters 'Julian' into text box to key the username, Julian enters 'Ortiz' into text box to key the lastname, Julian enters 'davidguer53@gmail.com' into text box to key the email, Julian select June on text box to key the month, Julian select 20 on text box to key the day, Julian select 1993 on text box to key the year, Julian clicks on button that gives to next location, Julian clicks on button that gives to next devices, Julian clicks on button that gives to next devices, Julian enters 'Pruebachoucair' into text box to key the password, Julian enters 'Pruebachoucair' into text box to key the confirm password, Julian clicks on terms and conditions check box, Julian clicks on privacy & security policy check box, Julian clicks on button that gives to complete setup], Julian login]
[Test worker] WARN net.thucydides.core.steps.BaseStepListener - TestOutcomes: [Register user:Given julian wants to register on the utest page to have a user [Julian open up [Julian opens the Choucair academy page, Julian clicks on button that shows us the form to login, Julian enters 'Julian' into text box to key the username, Julian enters 'Ortiz' into text box to key the lastname, Julian enters 'davidguer53@gmail.com' into text box to key the email, Julian select June on text box to key the month, Julian select 20 on text box to key the day, Julian select 1993 on text box to key the year, Julian clicks on button that gives to next location, Julian clicks on button that gives to next devices, Julian clicks on button that gives to next devices, Julian enters 'Pruebachoucair' into text box to key the password, Julian enters 'Pruebachoucair' into text box to key the confirm password, Julian clicks on terms and conditions check box, Julian clicks on privacy & security policy check box, Julian clicks on button that gives to complete setup], Julian login]]
[Test worker] WARN net.thucydides.core.steps.BaseStepListener - Final testOutcomes: [Register user:Given julian wants to register on the utest page to have a user [Julian open up [Julian opens the Choucair academy page, Julian clicks on button that shows us the form to login, Julian enters 'Julian' into text box to key the username, Julian enters 'Ortiz' into text box to key the lastname, Julian enters 'davidguer53@gmail.com' into text box to key the email, Julian select June on text box to key the month, Julian select 20 on text box to key the day, Julian select 1993 on text box to key the year, Julian clicks on button that gives to next location, Julian clicks on button that gives to next devices, Julian clicks on button that gives to next devices, Julian enters 'Pruebachoucair' into text box to key the password, Julian enters 'Pruebachoucair' into text box to key the confirm password, Julian clicks on terms and conditions check box, Julian clicks on privacy & security policy check box, Julian clicks on button that gives to complete setup], Julian login]]
[Test worker] INFO net.thucydides.core.steps.ConsoleLoggingListener - 
        __    _____ _____ ____ _____   ____   _    ____  ____  _____ ____  
  _     \ \  |_   _| ____/ ___|_   _| |  _ \ / \  / ___|/ ___|| ____|  _ \ 
 (_)_____| |   | | |  _| \___ \ | |   | |_) / _ \ \___ \\___ \|  _| | | | |
  _|_____| |   | | | |___ ___) || |   |  __/ ___ \ ___) |___) | |___| |_| |
 (_)     | |   |_| |_____|____/ |_|   |_| /_/   \_\____/|____/|_____|____/ 
        /_/                                                                

TEST PASSED: Register user
----------------------------------------------------------------------------
]]></system-err>
</testsuite>
