<?xml version="1.0" encoding="UTF-8"?>
<testsuite name="Academy Choucair" tests="1" skipped="1" failures="0" errors="0" timestamp="2022-10-04T23:41:47" hostname="LAPTOP-TTOSIDUJ" time="0.021">
  <properties/>
  <testcase name="Register user" classname="Academy Choucair" time="0.021">
    <skipped/>
  </testcase>
  <system-out><![CDATA[]]></system-out>
  <system-err><![CDATA[[Test worker] WARN net.thucydides.core.steps.BaseStepListener - stepStarted: net.thucydides.core.steps.ExecutedStepDescription@7a48e6e2
[Test worker] INFO net.thucydides.core.steps.ConsoleLoggingListener - TEST PENDING
[Test worker] WARN net.thucydides.core.steps.BaseStepListener - testFinished: Register user:Given julian wants to register on the utest page to have a user
[Test worker] WARN net.thucydides.core.steps.BaseStepListener - TestOutcomes: [Register user:Given julian wants to register on the utest page to have a user]
[Test worker] WARN net.thucydides.core.steps.BaseStepListener - Final testOutcomes: [Register user:Given julian wants to register on the utest page to have a user]
[Test worker] INFO net.thucydides.core.steps.ConsoleLoggingListener - 
          __  _____ _____ ____ _____   ____  _____ _   _ ____ ___ _   _  ____ 
 _       / / |_   _| ____/ ___|_   _| |  _ \| ____| \ | |  _ \_ _| \ | |/ ___|
(_)____ / /    | | |  _| \___ \ | |   | |_) |  _| |  \| | | | | ||  \| | |  _ 
 |_____/ /     | | | |___ ___) || |   |  __/| |___| |\  | |_| | || |\  | |_| |
(_)   /_/      |_| |_____|____/ |_|   |_|   |_____|_| \_|____/___|_| \_|\____|
                                                                                

TEST PENDING: Register user
---------------------------------------------------------------------------------
]]></system-err>
</testsuite>
